2016-08-02 05:25:49,658 INFO [restartedMain] m.u.f.w.NajdiCimer [StartupInfoLogger.java:48] Starting NajdiCimer on DESKTOP-C7TKUUB with PID 5088 (C:\Users\Mile\Documents\GitHub\najdicimer-emt-upgraded\web-programming-spring-mvc-starter\target\classes started by Mile in C:\Users\Mile\Documents\GitHub\najdicimer-emt-upgraded\web-programming-spring-mvc-starter)
2016-08-02 05:25:49,705 DEBUG [restartedMain] m.u.f.w.NajdiCimer [StartupInfoLogger.java:51] Running with Spring Boot v1.3.1.RELEASE, Spring v4.2.4.RELEASE
2016-08-02 05:25:49,705 INFO [restartedMain] m.u.f.w.NajdiCimer [SpringApplication.java:664] No active profile set, falling back to default profiles: default
2016-08-02 05:25:49,921 INFO [restartedMain] o.s.b.c.e.AnnotationConfigEmbeddedWebApplicationContext [AbstractApplicationContext.java:578] Refreshing org.springframework.boot.context.embedded.AnnotationConfigEmbeddedWebApplicationContext@345fb23b: startup date [Tue Aug 02 05:25:49 CEST 2016]; root of context hierarchy
2016-08-02 05:25:50,461 INFO [pool-1-thread-1] o.h.v.i.u.Version [Version.java:17] HV000001: Hibernate Validator 5.2.2.Final
2016-08-02 05:25:53,754 INFO [restartedMain] o.s.b.f.x.XmlBeanDefinitionReader [XmlBeanDefinitionReader.java:317] Loading XML bean definitions from class path resource [spring/business-config.xml]
2016-08-02 05:25:54,278 INFO [restartedMain] o.s.b.f.x.XmlBeanDefinitionReader [XmlBeanDefinitionReader.java:317] Loading XML bean definitions from class path resource [spring/persistence-config.xml]
2016-08-02 05:25:54,902 INFO [restartedMain] o.s.b.f.s.DefaultListableBeanFactory [DefaultListableBeanFactory.java:839] Overriding bean definition for bean 'requestContextFilter' with a different definition: replacing [Root bean: class [null]; scope=; abstract=false; lazyInit=false; autowireMode=3; dependencyCheck=0; autowireCandidate=true; primary=false; factoryBeanName=securityConfiguration; factoryMethodName=requestContextFilter; initMethodName=null; destroyMethodName=(inferred); defined in class path resource [mk/ukim/finki/wp/configuration/SecurityConfiguration.class]] with [Root bean: class [null]; scope=; abstract=false; lazyInit=false; autowireMode=3; dependencyCheck=0; autowireCandidate=true; primary=false; factoryBeanName=org.springframework.boot.autoconfigure.web.WebMvcAutoConfiguration$WebMvcAutoConfigurationAdapter; factoryMethodName=requestContextFilter; initMethodName=null; destroyMethodName=(inferred); defined in class path resource [org/springframework/boot/autoconfigure/web/WebMvcAutoConfiguration$WebMvcAutoConfigurationAdapter.class]]
2016-08-02 05:25:54,902 INFO [restartedMain] o.s.b.f.s.DefaultListableBeanFactory [DefaultListableBeanFactory.java:839] Overriding bean definition for bean 'beanNameViewResolver' with a different definition: replacing [Root bean: class [null]; scope=; abstract=false; lazyInit=false; autowireMode=3; dependencyCheck=0; autowireCandidate=true; primary=false; factoryBeanName=org.springframework.boot.autoconfigure.web.ErrorMvcAutoConfiguration$WhitelabelErrorViewConfiguration; factoryMethodName=beanNameViewResolver; initMethodName=null; destroyMethodName=(inferred); defined in class path resource [org/springframework/boot/autoconfigure/web/ErrorMvcAutoConfiguration$WhitelabelErrorViewConfiguration.class]] with [Root bean: class [null]; scope=; abstract=false; lazyInit=false; autowireMode=3; dependencyCheck=0; autowireCandidate=true; primary=false; factoryBeanName=org.springframework.boot.autoconfigure.web.WebMvcAutoConfiguration$WebMvcAutoConfigurationAdapter; factoryMethodName=beanNameViewResolver; initMethodName=null; destroyMethodName=(inferred); defined in class path resource [org/springframework/boot/autoconfigure/web/WebMvcAutoConfiguration$WebMvcAutoConfigurationAdapter.class]]
2016-08-02 05:25:55,048 INFO [restartedMain] o.s.b.f.c.PropertiesFactoryBean [PropertiesLoaderSupport.java:172] Loading properties file from URL [jar:file:/C:/Users/Mile/.m2/repository/org/springframework/integration/spring-integration-core/4.2.4.RELEASE/spring-integration-core-4.2.4.RELEASE.jar!/META-INF/spring.integration.default.properties]
2016-08-02 05:25:55,063 INFO [restartedMain] o.s.i.c.IntegrationRegistrar [IntegrationRegistrar.java:337] No bean named 'integrationHeaderChannelRegistry' has been explicitly defined. Therefore, a default DefaultHeaderChannelRegistry will be created.
2016-08-02 05:25:55,101 INFO [restartedMain] o.s.b.f.s.DefaultListableBeanFactory [DefaultListableBeanFactory.java:839] Overriding bean definition for bean 'org.springframework.transaction.config.internalTransactionAdvisor' with a different definition: replacing [Root bean: class [org.springframework.transaction.interceptor.BeanFactoryTransactionAttributeSourceAdvisor]; scope=; abstract=false; lazyInit=false; autowireMode=0; dependencyCheck=0; autowireCandidate=true; primary=false; factoryBeanName=null; factoryMethodName=null; initMethodName=null; destroyMethodName=null] with [Root bean: class [null]; scope=; abstract=false; lazyInit=false; autowireMode=3; dependencyCheck=0; autowireCandidate=true; primary=false; factoryBeanName=org.springframework.transaction.annotation.ProxyTransactionManagementConfiguration; factoryMethodName=transactionAdvisor; initMethodName=null; destroyMethodName=(inferred); defined in class path resource [org/springframework/transaction/annotation/ProxyTransactionManagementConfiguration.class]]
2016-08-02 05:25:55,101 INFO [restartedMain] o.s.c.a.ConfigurationClassBeanDefinitionReader [ConfigurationClassBeanDefinitionReader.java:298] Skipping bean definition for [BeanMethod:name=transactionalEventListenerFactory,declaringClass=org.springframework.transaction.annotation.AbstractTransactionManagementConfiguration]: a definition for bean 'org.springframework.transaction.config.internalTransactionalEventListenerFactory' already exists. This top-level bean definition is considered as an override.
2016-08-02 05:25:55,778 INFO [restartedMain] o.s.c.s.PropertySourcesPlaceholderConfigurer [PropertiesLoaderSupport.java:172] Loading properties file from class path resource [application.properties]
2016-08-02 05:25:55,825 INFO [restartedMain] o.s.i.c.DefaultConfiguringBeanFactoryPostProcessor [DefaultConfiguringBeanFactoryPostProcessor.java:130] No bean named 'errorChannel' has been explicitly defined. Therefore, a default PublishSubscribeChannel will be created.
2016-08-02 05:25:55,836 INFO [restartedMain] o.s.i.c.DefaultConfiguringBeanFactoryPostProcessor [DefaultConfiguringBeanFactoryPostProcessor.java:158] No bean named 'taskScheduler' has been explicitly defined. Therefore, a default ThreadPoolTaskScheduler will be created.
2016-08-02 05:25:56,136 INFO [restartedMain] o.s.c.s.PostProcessorRegistrationDelegate$BeanPostProcessorChecker [PostProcessorRegistrationDelegate.java:328] Bean 'org.springframework.transaction.annotation.ProxyTransactionManagementConfiguration' of type [class org.springframework.transaction.annotation.ProxyTransactionManagementConfiguration$$EnhancerBySpringCGLIB$$2d2931a8] is not eligible for getting processed by all BeanPostProcessors (for example: not eligible for auto-proxying)
2016-08-02 05:25:57,108 INFO [restartedMain] o.s.b.c.e.t.TomcatEmbeddedServletContainer [TomcatEmbeddedServletContainer.java:81] Tomcat initialized with port(s): 8080 (http)
2016-08-02 05:25:57,161 INFO [restartedMain] o.a.c.c.StandardService [DirectJDKLog.java:180] Starting service Tomcat
2016-08-02 05:25:57,161 INFO [restartedMain] o.a.c.c.StandardEngine [DirectJDKLog.java:180] Starting Servlet Engine: Apache Tomcat/8.0.30
2016-08-02 05:25:57,525 INFO [localhost-startStop-1] o.a.c.c.C.[.[.[/] [DirectJDKLog.java:180] Initializing Spring embedded WebApplicationContext
2016-08-02 05:25:57,525 INFO [localhost-startStop-1] o.s.w.c.ContextLoader [EmbeddedWebApplicationContext.java:272] Root WebApplicationContext: initialization completed in 7604 ms
2016-08-02 05:25:58,758 INFO [localhost-startStop-1] o.s.b.c.e.FilterRegistrationBean [AbstractFilterRegistrationBean.java:258] Mapping filter: 'characterEncodingFilter' to: [/*]
2016-08-02 05:25:58,759 INFO [localhost-startStop-1] o.s.b.c.e.FilterRegistrationBean [AbstractFilterRegistrationBean.java:258] Mapping filter: 'hiddenHttpMethodFilter' to: [/*]
2016-08-02 05:25:58,759 INFO [localhost-startStop-1] o.s.b.c.e.FilterRegistrationBean [AbstractFilterRegistrationBean.java:258] Mapping filter: 'httpPutFormContentFilter' to: [/*]
2016-08-02 05:25:58,760 INFO [localhost-startStop-1] o.s.b.c.e.FilterRegistrationBean [AbstractFilterRegistrationBean.java:258] Mapping filter: 'requestContextFilter' to: [/*]
2016-08-02 05:25:58,760 INFO [localhost-startStop-1] o.s.b.c.e.FilterRegistrationBean [AbstractFilterRegistrationBean.java:258] Mapping filter: 'OAuth2ClientContextFilter' to: [/*]
2016-08-02 05:25:58,762 INFO [localhost-startStop-1] o.s.b.c.e.DelegatingFilterProxyRegistrationBean [AbstractFilterRegistrationBean.java:258] Mapping filter: 'springSecurityFilterChain' to: [/*]
2016-08-02 05:25:58,763 INFO [localhost-startStop-1] o.s.b.c.e.FilterRegistrationBean [AbstractFilterRegistrationBean.java:258] Mapping filter: 'simpleCORSFilter' to: [/*]
2016-08-02 05:25:58,763 INFO [localhost-startStop-1] o.s.b.c.e.ServletRegistrationBean [ServletRegistrationBean.java:189] Mapping servlet: 'dispatcherServlet' to [/]
2016-08-02 05:25:59,092 INFO [localhost-startStop-1] o.s.b.a.s.AuthenticationManagerConfiguration [AuthenticationManagerConfiguration.java:170] 

Using default security password: 8931d6df-47be-4495-ba62-7842b6fb7b46

2016-08-02 05:25:59,598 INFO [localhost-startStop-1] o.s.o.j.LocalContainerEntityManagerFactoryBean [LocalContainerEntityManagerFactoryBean.java:339] Building JPA container EntityManagerFactory for persistence unit 'wp'
2016-08-02 05:25:59,645 INFO [localhost-startStop-1] o.h.j.i.u.LogHelper [LogHelper.java:46] HHH000204: Processing PersistenceUnitInfo [
	name: wp
	...]
2016-08-02 05:25:59,875 INFO [localhost-startStop-1] o.h.Version [Version.java:54] HHH000412: Hibernate Core {4.3.11.Final}
2016-08-02 05:25:59,880 INFO [localhost-startStop-1] o.h.c.Environment [Environment.java:239] HHH000206: hibernate.properties not found
2016-08-02 05:25:59,884 INFO [localhost-startStop-1] o.h.c.Environment [Environment.java:346] HHH000021: Bytecode provider name : javassist
2016-08-02 05:26:00,529 INFO [localhost-startStop-1] o.h.a.c.Version [JavaReflectionManager.java:66] HCANN000001: Hibernate Commons Annotations {4.0.5.Final}
2016-08-02 05:26:01,318 INFO [localhost-startStop-1] o.h.d.Dialect [Dialect.java:145] HHH000400: Using dialect: org.hibernate.dialect.MySQLDialect
2016-08-02 05:26:01,650 INFO [localhost-startStop-1] o.h.h.i.a.ASTQueryTranslatorFactory [ASTQueryTranslatorFactory.java:47] HHH000397: Using ASTQueryTranslatorFactory
2016-08-02 05:26:02,026 INFO [localhost-startStop-1] o.h.s.e.Version [Version.java:26] HSEARCH000034: Hibernate Search 5.0.1.Final
2016-08-02 05:26:02,494 INFO [localhost-startStop-1] o.h.t.h.SchemaUpdate [SchemaUpdate.java:207] HHH000228: Running hbm2ddl schema update
2016-08-02 05:26:02,494 INFO [localhost-startStop-1] o.h.t.h.SchemaUpdate [SchemaUpdate.java:218] HHH000102: Fetching database metadata
2016-08-02 05:26:02,494 INFO [localhost-startStop-1] o.h.t.h.SchemaUpdate [SchemaUpdate.java:230] HHH000396: Updating schema
2016-08-02 05:26:02,594 INFO [localhost-startStop-1] o.h.t.h.TableMetadata [TableMetadata.java:65] HHH000261: Table found: wp_project.listing_image_urls
2016-08-02 05:26:02,594 INFO [localhost-startStop-1] o.h.t.h.TableMetadata [TableMetadata.java:66] HHH000037: Columns: [image_url, id]
2016-08-02 05:26:02,594 INFO [localhost-startStop-1] o.h.t.h.TableMetadata [TableMetadata.java:68] HHH000108: Foreign keys: [fk_63fej08dgmt8vrqlra370e656]
2016-08-02 05:26:02,594 INFO [localhost-startStop-1] o.h.t.h.TableMetadata [TableMetadata.java:69] HHH000126: Indexes: [uk_sm53naah72t24kigc0pfsb87o]
2016-08-02 05:26:02,672 INFO [localhost-startStop-1] o.h.t.h.TableMetadata [TableMetadata.java:65] HHH000261: Table found: wp_project.listing_location
2016-08-02 05:26:02,672 INFO [localhost-startStop-1] o.h.t.h.TableMetadata [TableMetadata.java:66] HHH000037: Columns: [lng, listing_id, name, id, lat]
2016-08-02 05:26:02,672 INFO [localhost-startStop-1] o.h.t.h.TableMetadata [TableMetadata.java:68] HHH000108: Foreign keys: [fk_8wo4wpsoysi97vn0tkbfym89j]
2016-08-02 05:26:02,672 INFO [localhost-startStop-1] o.h.t.h.TableMetadata [TableMetadata.java:69] HHH000126: Indexes: [fk_8wo4wpsoysi97vn0tkbfym89j, primary]
2016-08-02 05:26:02,760 INFO [localhost-startStop-1] o.h.t.h.TableMetadata [TableMetadata.java:65] HHH000261: Table found: wp_project.listings
2016-08-02 05:26:02,760 INFO [localhost-startStop-1] o.h.t.h.TableMetadata [TableMetadata.java:66] HHH000037: Columns: [user_id, id, title, createdon, content, location_id]
2016-08-02 05:26:02,760 INFO [localhost-startStop-1] o.h.t.h.TableMetadata [TableMetadata.java:68] HHH000108: Foreign keys: [fk_qv926x4jhroce71534nmady6a, fk_7ueigy3p0nqgafjwwuikhtyav]
2016-08-02 05:26:02,760 INFO [localhost-startStop-1] o.h.t.h.TableMetadata [TableMetadata.java:69] HHH000126: Indexes: [fk_qv926x4jhroce71534nmady6a, primary, fk_7ueigy3p0nqgafjwwuikhtyav]
2016-08-02 05:26:02,795 INFO [localhost-startStop-1] o.h.t.h.TableMetadata [TableMetadata.java:65] HHH000261: Table found: wp_project.messages
2016-08-02 05:26:02,795 INFO [localhost-startStop-1] o.h.t.h.TableMetadata [TableMetadata.java:66] HHH000037: Columns: [user_to, senton, user_from, id, content, seen]
2016-08-02 05:26:02,795 INFO [localhost-startStop-1] o.h.t.h.TableMetadata [TableMetadata.java:68] HHH000108: Foreign keys: [fk_ad469sdac6e7i74nt4w1bn3ad, fk_16t1rrh93xrwia8nqh69q13j3]
2016-08-02 05:26:02,810 INFO [localhost-startStop-1] o.h.t.h.TableMetadata [TableMetadata.java:69] HHH000126: Indexes: [fk_ad469sdac6e7i74nt4w1bn3ad, fk_16t1rrh93xrwia8nqh69q13j3, primary]
2016-08-02 05:26:02,826 INFO [localhost-startStop-1] o.h.t.h.TableMetadata [TableMetadata.java:65] HHH000261: Table found: wp_project.reports
2016-08-02 05:26:02,826 INFO [localhost-startStop-1] o.h.t.h.TableMetadata [TableMetadata.java:66] HHH000037: Columns: [listing_id, user_id, submittedon, id, content, seen]
2016-08-02 05:26:02,826 INFO [localhost-startStop-1] o.h.t.h.TableMetadata [TableMetadata.java:68] HHH000108: Foreign keys: [fk_sh41oex32tb46wjis5vruthgf, fk_c29wlg7b42duwp3r09r6ajd]
2016-08-02 05:26:02,826 INFO [localhost-startStop-1] o.h.t.h.TableMetadata [TableMetadata.java:69] HHH000126: Indexes: [fk_sh41oex32tb46wjis5vruthgf, fk_c29wlg7b42duwp3r09r6ajd, primary]
2016-08-02 05:26:02,910 INFO [localhost-startStop-1] o.h.t.h.TableMetadata [TableMetadata.java:65] HHH000261: Table found: wp_project.users
2016-08-02 05:26:02,910 INFO [localhost-startStop-1] o.h.t.h.TableMetadata [TableMetadata.java:66] HHH000037: Columns: [password, birthdate, isadmin, surname, imageurl, name, uploadpath, id, email, username]
2016-08-02 05:26:02,910 INFO [localhost-startStop-1] o.h.t.h.TableMetadata [TableMetadata.java:68] HHH000108: Foreign keys: []
2016-08-02 05:26:02,910 INFO [localhost-startStop-1] o.h.t.h.TableMetadata [TableMetadata.java:69] HHH000126: Indexes: [uk_r43af9ap4edm43mmtq01oddj6, primary]
2016-08-02 05:26:02,925 INFO [localhost-startStop-1] o.h.t.h.SchemaUpdate [SchemaUpdate.java:267] HHH000232: Schema update complete
2016-08-02 05:26:03,026 WARN [localhost-startStop-1] o.h.s.e.i.ConfigContext [ConfigContext.java:240] HSEARCH000075: Configuration setting hibernate.search.lucene_version was not specified: using LUCENE_CURRENT.
2016-08-02 05:26:03,712 INFO [localhost-startStop-1] o.s.s.w.DefaultSecurityFilterChain [DefaultSecurityFilterChain.java:28] Creating filter chain: org.springframework.security.web.util.matcher.AnyRequestMatcher@1, [org.springframework.security.web.context.request.async.WebAsyncManagerIntegrationFilter@4d958ed7, org.springframework.security.web.context.SecurityContextPersistenceFilter@32dbaf93, org.springframework.security.web.header.HeaderWriterFilter@3a3deab9, org.springframework.security.web.authentication.logout.LogoutFilter@13148f1a, org.springframework.web.filter.CompositeFilter@53731f51, org.springframework.security.web.savedrequest.RequestCacheAwareFilter@283b58a8, org.springframework.security.web.servletapi.SecurityContextHolderAwareRequestFilter@544516a6, org.springframework.security.web.authentication.AnonymousAuthenticationFilter@d5129fb, org.springframework.security.web.session.SessionManagementFilter@28e8a206, org.springframework.security.oauth2.provider.authentication.OAuth2AuthenticationProcessingFilter@6d6e5be9, org.springframework.security.web.access.ExceptionTranslationFilter@1956250e, org.springframework.security.web.access.intercept.FilterSecurityInterceptor@531175d1]
2016-08-02 05:26:04,327 INFO [restartedMain] o.s.w.s.m.m.a.RequestMappingHandlerAdapter [RequestMappingHandlerAdapter.java:532] Looking for @ControllerAdvice: org.springframework.boot.context.embedded.AnnotationConfigEmbeddedWebApplicationContext@345fb23b: startup date [Tue Aug 02 05:25:49 CEST 2016]; root of context hierarchy
2016-08-02 05:26:04,465 INFO [restartedMain] o.s.w.s.m.m.a.RequestMappingHandlerMapping [AbstractHandlerMethodMapping.java:527] Mapped "{[/],methods=[GET]}" onto public org.springframework.web.servlet.ModelAndView mk.ukim.finki.wp.web.HomeController.index(javax.servlet.http.HttpServletRequest)
2016-08-02 05:26:04,467 INFO [restartedMain] o.s.w.s.m.m.a.RequestMappingHandlerMapping [AbstractHandlerMethodMapping.java:527] Mapped "{[/login],methods=[GET]}" onto public org.springframework.web.servlet.ModelAndView mk.ukim.finki.wp.web.HomeController.login()
2016-08-02 05:26:04,468 INFO [restartedMain] o.s.w.s.m.m.a.RequestMappingHandlerMapping [AbstractHandlerMethodMapping.java:527] Mapped "{[/],methods=[POST]}" onto public org.springframework.web.servlet.ModelAndView mk.ukim.finki.wp.web.HomeController.afterSubmit(java.lang.String,java.lang.String,java.lang.String,java.lang.String,java.lang.String,java.lang.String,org.springframework.web.multipart.MultipartFile)
2016-08-02 05:26:04,468 INFO [restartedMain] o.s.w.s.m.m.a.RequestMappingHandlerMapping [AbstractHandlerMethodMapping.java:527] Mapped "{[/listing],methods=[POST]}" onto public org.springframework.web.servlet.ModelAndView mk.ukim.finki.wp.web.HomeController.createListing(java.lang.String,java.lang.String,java.util.ArrayList<org.springframework.web.multipart.MultipartFile>,java.lang.String,java.lang.String,java.lang.String)
2016-08-02 05:26:04,469 INFO [restartedMain] o.s.w.s.m.m.a.RequestMappingHandlerMapping [AbstractHandlerMethodMapping.java:527] Mapped "{[/listing],methods=[GET]}" onto public org.springframework.web.servlet.ModelAndView mk.ukim.finki.wp.web.HomeController.indexListing()
2016-08-02 05:26:04,481 INFO [restartedMain] o.s.w.s.m.m.a.RequestMappingHandlerMapping [AbstractHandlerMethodMapping.java:527] Mapped "{[/api/listing/search/{keyword}],methods=[GET],produces=[application/json]}" onto public java.util.List<mk.ukim.finki.wp.model.Listing> mk.ukim.finki.wp.web.ListingResource.search(java.lang.String)
2016-08-02 05:26:04,482 INFO [restartedMain] o.s.w.s.m.m.a.RequestMappingHandlerMapping [AbstractHandlerMethodMapping.java:527] Mapped "{[/api/listing/search/nearby/{currentLat}/{currentLng}/{maxDistance}],methods=[GET],produces=[application/json]}" onto public java.util.List<mk.ukim.finki.wp.model.Listing> mk.ukim.finki.wp.web.ListingResource.search(java.lang.String,java.lang.String,java.lang.String)
2016-08-02 05:26:04,483 INFO [restartedMain] o.s.w.s.m.m.a.RequestMappingHandlerMapping [AbstractHandlerMethodMapping.java:527] Mapped "{[/api/listing/user/{id}],methods=[GET],produces=[application/json]}" onto public java.util.List<mk.ukim.finki.wp.model.Listing> mk.ukim.finki.wp.web.ListingResource.getAllListingsByUser(java.lang.Long)
2016-08-02 05:26:04,484 INFO [restartedMain] o.s.w.s.m.m.a.RequestMappingHandlerMapping [AbstractHandlerMethodMapping.java:527] Mapped "{[/api/listing/report/unread],methods=[GET],produces=[application/json]}" onto public java.util.List<mk.ukim.finki.wp.model.Report> mk.ukim.finki.wp.web.ListingResource.getAllUnreadReports()
2016-08-02 05:26:04,484 INFO [restartedMain] o.s.w.s.m.m.a.RequestMappingHandlerMapping [AbstractHandlerMethodMapping.java:527] Mapped "{[/api/listing/{id}],methods=[DELETE],produces=[application/json]}" onto public void mk.ukim.finki.wp.web.ListingResource.deleteListing(java.lang.Long)
2016-08-02 05:26:04,485 INFO [restartedMain] o.s.w.s.m.m.a.RequestMappingHandlerMapping [AbstractHandlerMethodMapping.java:527] Mapped "{[/api/listing/report],methods=[GET],produces=[application/json]}" onto public java.util.List<mk.ukim.finki.wp.model.Report> mk.ukim.finki.wp.web.ListingResource.getAllReports()
2016-08-02 05:26:04,486 INFO [restartedMain] o.s.w.s.m.m.a.RequestMappingHandlerMapping [AbstractHandlerMethodMapping.java:527] Mapped "{[/api/listing/piece/{offset}/{end}],produces=[application/json]}" onto public java.util.List<mk.ukim.finki.wp.model.Listing> mk.ukim.finki.wp.web.ListingResource.getPiece(int,int)
2016-08-02 05:26:04,487 INFO [restartedMain] o.s.w.s.m.m.a.RequestMappingHandlerMapping [AbstractHandlerMethodMapping.java:527] Mapped "{[/api/listing/byDate/{day}/{month}/{year}],methods=[GET],produces=[application/json]}" onto public java.util.List<mk.ukim.finki.wp.model.Listing> mk.ukim.finki.wp.web.ListingResource.filterByDate(java.lang.Integer,java.lang.Integer,java.lang.Integer)
2016-08-02 05:26:04,488 INFO [restartedMain] o.s.w.s.m.m.a.RequestMappingHandlerMapping [AbstractHandlerMethodMapping.java:527] Mapped "{[/api/listing/report/update/{id}],methods=[POST],produces=[application/json]}" onto public void mk.ukim.finki.wp.web.ListingResource.updateReport(java.lang.Long,java.lang.Boolean)
2016-08-02 05:26:04,489 INFO [restartedMain] o.s.w.s.m.m.a.RequestMappingHandlerMapping [AbstractHandlerMethodMapping.java:527] Mapped "{[/api/listing/new],methods=[POST],produces=[application/json]}" onto public mk.ukim.finki.wp.model.Listing mk.ukim.finki.wp.web.ListingResource.createListing(java.lang.String,java.lang.String,java.util.ArrayList<org.springframework.web.multipart.MultipartFile>,java.lang.Long,java.lang.String,java.lang.String,java.lang.String)
2016-08-02 05:26:04,490 INFO [restartedMain] o.s.w.s.m.m.a.RequestMappingHandlerMapping [AbstractHandlerMethodMapping.java:527] Mapped "{[/api/listing],methods=[GET],produces=[application/json]}" onto public java.util.List<mk.ukim.finki.wp.model.Listing> mk.ukim.finki.wp.web.ListingResource.getAllListings()
2016-08-02 05:26:04,491 INFO [restartedMain] o.s.w.s.m.m.a.RequestMappingHandlerMapping [AbstractHandlerMethodMapping.java:527] Mapped "{[/api/listing/{id}],methods=[GET],produces=[application/json]}" onto public mk.ukim.finki.wp.model.Listing mk.ukim.finki.wp.web.ListingResource.getListing(java.lang.Long)
2016-08-02 05:26:04,492 INFO [restartedMain] o.s.w.s.m.m.a.RequestMappingHandlerMapping [AbstractHandlerMethodMapping.java:527] Mapped "{[/api/listing/report/new],methods=[POST],produces=[application/json]}" onto public void mk.ukim.finki.wp.web.ListingResource.createReport(java.lang.String,java.lang.Long,java.lang.Long)
2016-08-02 05:26:04,493 INFO [restartedMain] o.s.w.s.m.m.a.RequestMappingHandlerMapping [AbstractHandlerMethodMapping.java:527] Mapped "{[/api/listing/edit],methods=[POST],produces=[application/json]}" onto public void mk.ukim.finki.wp.web.ListingResource.editListing(java.lang.Long,java.lang.String,java.lang.String,javax.servlet.http.HttpSession)
2016-08-02 05:26:04,494 INFO [restartedMain] o.s.w.s.m.m.a.RequestMappingHandlerMapping [AbstractHandlerMethodMapping.java:527] Mapped "{[/api/listing/graph],methods=[GET],produces=[application/json]}" onto public java.util.List<java.lang.Integer> mk.ukim.finki.wp.web.ListingResource.graphData()
2016-08-02 05:26:04,494 INFO [restartedMain] o.s.w.s.m.m.a.RequestMappingHandlerMapping [AbstractHandlerMethodMapping.java:527] Mapped "{[/api/listing/report/{id}],methods=[GET],produces=[application/json]}" onto public mk.ukim.finki.wp.model.Report mk.ukim.finki.wp.web.ListingResource.getReport(java.lang.Long)
2016-08-02 05:26:04,495 INFO [restartedMain] o.s.w.s.m.m.a.RequestMappingHandlerMapping [AbstractHandlerMethodMapping.java:527] Mapped "{[/api/listing/isOwner/{id}],methods=[GET],produces=[application/json]}" onto public boolean mk.ukim.finki.wp.web.ListingResource.isOwner(java.lang.Long,javax.servlet.http.HttpSession)
2016-08-02 05:26:04,500 INFO [restartedMain] o.s.w.s.m.m.a.RequestMappingHandlerMapping [AbstractHandlerMethodMapping.java:527] Mapped "{[/api/user/message/{messageId}],produces=[application/json]}" onto public mk.ukim.finki.wp.model.Message mk.ukim.finki.wp.web.UserResource.getMessage(java.lang.Long)
2016-08-02 05:26:04,501 INFO [restartedMain] o.s.w.s.m.m.a.RequestMappingHandlerMapping [AbstractHandlerMethodMapping.java:527] Mapped "{[/api/user/admin],methods=[GET],produces=[application/json]}" onto public java.util.List<mk.ukim.finki.wp.model.User> mk.ukim.finki.wp.web.UserResource.getAllAdmins()
2016-08-02 05:26:04,502 INFO [restartedMain] o.s.w.s.m.m.a.RequestMappingHandlerMapping [AbstractHandlerMethodMapping.java:527] Mapped "{[/api/user/message/new],methods=[POST],produces=[application/json]}" onto public void mk.ukim.finki.wp.web.UserResource.sendMessage(java.lang.String,java.lang.Long,java.lang.Long)
2016-08-02 05:26:04,503 INFO [restartedMain] o.s.w.s.m.m.a.RequestMappingHandlerMapping [AbstractHandlerMethodMapping.java:527] Mapped "{[/api/user/message/received/{userId}],methods=[GET],produces=[application/json]}" onto public java.util.List<mk.ukim.finki.wp.model.Message> mk.ukim.finki.wp.web.UserResource.getInbox(java.lang.Long)
2016-08-02 05:26:04,506 INFO [restartedMain] o.s.w.s.m.m.a.RequestMappingHandlerMapping [AbstractHandlerMethodMapping.java:527] Mapped "{[/api/user/message/sent/{userId}],methods=[GET],produces=[application/json]}" onto public java.util.List<mk.ukim.finki.wp.model.Message> mk.ukim.finki.wp.web.UserResource.getOutbox(java.lang.Long)
2016-08-02 05:26:04,506 INFO [restartedMain] o.s.w.s.m.m.a.RequestMappingHandlerMapping [AbstractHandlerMethodMapping.java:527] Mapped "{[/api/user/{id}],methods=[GET],produces=[application/json]}" onto public mk.ukim.finki.wp.model.User mk.ukim.finki.wp.web.UserResource.getUser(java.lang.Long)
2016-08-02 05:26:04,507 INFO [restartedMain] o.s.w.s.m.m.a.RequestMappingHandlerMapping [AbstractHandlerMethodMapping.java:527] Mapped "{[/api/user],methods=[GET],produces=[application/json]}" onto public java.util.List<mk.ukim.finki.wp.model.User> mk.ukim.finki.wp.web.UserResource.getAllUsers()
2016-08-02 05:26:04,508 INFO [restartedMain] o.s.w.s.m.m.a.RequestMappingHandlerMapping [AbstractHandlerMethodMapping.java:527] Mapped "{[/api/user/message/update/{messageId}],methods=[POST],produces=[application/json]}" onto public void mk.ukim.finki.wp.web.UserResource.toggleMessageState(java.lang.Long,java.lang.Boolean)
2016-08-02 05:26:04,508 INFO [restartedMain] o.s.w.s.m.m.a.RequestMappingHandlerMapping [AbstractHandlerMethodMapping.java:527] Mapped "{[/api/user/session/{id}],methods=[GET],produces=[application/json]}" onto public void mk.ukim.finki.wp.web.UserResource.getUserId(java.lang.Long,javax.servlet.http.HttpSession,javax.servlet.http.HttpServletResponse) throws java.io.IOException
2016-08-02 05:26:04,509 INFO [restartedMain] o.s.w.s.m.m.a.RequestMappingHandlerMapping [AbstractHandlerMethodMapping.java:527] Mapped "{[/api/user/signup],methods=[POST],produces=[application/json]}" onto public void mk.ukim.finki.wp.web.UserResource.signUpUser(java.lang.String,java.lang.String,java.lang.String,java.lang.String,java.lang.String,java.lang.String)
2016-08-02 05:26:04,509 INFO [restartedMain] o.s.w.s.m.m.a.RequestMappingHandlerMapping [AbstractHandlerMethodMapping.java:527] Mapped "{[/api/user/remove/{id}],methods=[DELETE],produces=[application/json]}" onto public void mk.ukim.finki.wp.web.UserResource.removeUser(java.lang.Long)
2016-08-02 05:26:04,510 INFO [restartedMain] o.s.w.s.m.m.a.RequestMappingHandlerMapping [AbstractHandlerMethodMapping.java:527] Mapped "{[/api/user/current],produces=[application/json]}" onto public java.security.Principal mk.ukim.finki.wp.web.UserResource.restoreSession(javax.servlet.http.HttpServletRequest)
2016-08-02 05:26:04,511 INFO [restartedMain] o.s.w.s.m.m.a.RequestMappingHandlerMapping [AbstractHandlerMethodMapping.java:527] Mapped "{[/api/user/login],methods=[POST],produces=[application/json]}" onto public mk.ukim.finki.wp.model.User mk.ukim.finki.wp.web.UserResource.loginUser(java.lang.String,java.lang.String,javax.servlet.http.HttpSession)
2016-08-02 05:26:04,511 INFO [restartedMain] o.s.w.s.m.m.a.RequestMappingHandlerMapping [AbstractHandlerMethodMapping.java:527] Mapped "{[/api/user/update/{id}],methods=[POST],produces=[application/json]}" onto public void mk.ukim.finki.wp.web.UserResource.updateUser(java.lang.Long,java.lang.String,java.lang.String,java.lang.String,java.lang.String,java.lang.String,java.lang.String)
2016-08-02 05:26:04,517 INFO [restartedMain] o.s.w.s.m.m.a.RequestMappingHandlerMapping [AbstractHandlerMethodMapping.java:527] Mapped "{[/error]}" onto public org.springframework.http.ResponseEntity<java.util.Map<java.lang.String, java.lang.Object>> org.springframework.boot.autoconfigure.web.BasicErrorController.error(javax.servlet.http.HttpServletRequest)
2016-08-02 05:26:04,518 INFO [restartedMain] o.s.w.s.m.m.a.RequestMappingHandlerMapping [AbstractHandlerMethodMapping.java:527] Mapped "{[/error],produces=[text/html]}" onto public org.springframework.web.servlet.ModelAndView org.springframework.boot.autoconfigure.web.BasicErrorController.errorHtml(javax.servlet.http.HttpServletRequest,javax.servlet.http.HttpServletResponse)
2016-08-02 05:26:04,588 INFO [restartedMain] o.s.w.s.h.SimpleUrlHandlerMapping [AbstractUrlHandlerMapping.java:341] Mapped URL path [/webjars/**] onto handler of type [class org.springframework.web.servlet.resource.ResourceHttpRequestHandler]
2016-08-02 05:26:04,589 INFO [restartedMain] o.s.w.s.h.SimpleUrlHandlerMapping [AbstractUrlHandlerMapping.java:341] Mapped URL path [/**] onto handler of type [class org.springframework.web.servlet.resource.ResourceHttpRequestHandler]
2016-08-02 05:26:04,688 INFO [restartedMain] o.s.w.s.h.SimpleUrlHandlerMapping [AbstractUrlHandlerMapping.java:341] Mapped URL path [/**/favicon.ico] onto handler of type [class org.springframework.web.servlet.resource.ResourceHttpRequestHandler]
2016-08-02 05:26:05,161 INFO [restartedMain] o.s.b.f.c.PropertiesFactoryBean [PropertiesLoaderSupport.java:172] Loading properties file from URL [jar:file:/C:/Users/Mile/.m2/repository/org/springframework/integration/spring-integration-core/4.2.4.RELEASE/spring-integration-core-4.2.4.RELEASE.jar!/META-INF/spring.integration.default.properties]
2016-08-02 05:26:05,205 INFO [restartedMain] o.s.s.c.ThreadPoolTaskScheduler [ExecutorConfigurationSupport.java:165] Initializing ExecutorService  'taskScheduler'
2016-08-02 05:26:05,335 INFO [restartedMain] o.s.b.d.a.OptionalLiveReloadServer [OptionalLiveReloadServer.java:58] LiveReload server is running on port 35729
2016-08-02 05:26:05,551 INFO [restartedMain] o.s.j.e.a.AnnotationMBeanExporter [MBeanExporter.java:431] Registering beans for JMX exposure on startup
2016-08-02 05:26:05,566 INFO [restartedMain] o.s.c.s.DefaultLifecycleProcessor [DefaultLifecycleProcessor.java:341] Starting beans in phase 0
2016-08-02 05:26:05,566 INFO [restartedMain] o.s.i.e.EventDrivenConsumer [EventDrivenConsumer.java:83] Adding {logging-channel-adapter:_org.springframework.integration.errorLogger} as a subscriber to the 'errorChannel' channel
2016-08-02 05:26:05,567 INFO [restartedMain] o.s.i.c.PublishSubscribeChannel [AbstractSubscribableChannel.java:69] Channel 'application.errorChannel' has 1 subscriber(s).
2016-08-02 05:26:05,567 INFO [restartedMain] o.s.i.e.EventDrivenConsumer [AbstractEndpoint.java:97] started _org.springframework.integration.errorLogger
2016-08-02 05:26:05,626 INFO [restartedMain] o.a.c.h.Http11NioProtocol [DirectJDKLog.java:180] Initializing ProtocolHandler ["http-nio-8080"]
2016-08-02 05:26:05,639 INFO [restartedMain] o.a.c.h.Http11NioProtocol [DirectJDKLog.java:180] Starting ProtocolHandler ["http-nio-8080"]
2016-08-02 05:26:05,664 INFO [restartedMain] o.a.t.u.n.NioSelectorPool [DirectJDKLog.java:180] Using a shared selector for servlet write/read
2016-08-02 05:26:05,698 INFO [restartedMain] o.s.b.c.e.t.TomcatEmbeddedServletContainer [TomcatEmbeddedServletContainer.java:162] Tomcat started on port(s): 8080 (http)
2016-08-02 05:26:05,716 INFO [restartedMain] m.u.f.w.NajdiCimer [StartupInfoLogger.java:57] Started NajdiCimer in 17.196 seconds (JVM running for 22.659)
2016-08-02 05:26:23,911 INFO [http-nio-8080-exec-1] o.a.c.c.C.[.[.[/] [DirectJDKLog.java:180] Initializing Spring FrameworkServlet 'dispatcherServlet'
2016-08-02 05:26:23,912 INFO [http-nio-8080-exec-1] o.s.w.s.DispatcherServlet [FrameworkServlet.java:489] FrameworkServlet 'dispatcherServlet': initialization started
2016-08-02 05:26:23,980 INFO [http-nio-8080-exec-1] o.s.w.s.DispatcherServlet [FrameworkServlet.java:508] FrameworkServlet 'dispatcherServlet': initialization completed in 68 ms
2016-08-02 05:28:32,807 DEBUG [http-nio-8080-exec-5] m.u.f.w.w.UserResource [UserResource.java:42] null
